<?xml version="1.0" encoding="UTF-8"?>
<!-- Generated by org.testng.reporters.JUnitReportReporter -->
<testsuite hostname="DESKTOP-U59MBCV" name="com.companyname.projectname.Test.TestController" tests="1" failures="0" timestamp="24 Oct 2017 05:44:59 GMT" time="73.165" errors="0">
  <testcase name="TestCaseController" time="73.165" classname="com.companyname.projectname.Test.TestController"/>
</testsuite> <!-- com.companyname.projectname.Test.TestController -->
